<?xml version="1.0" encoding="UTF-8"?>
<testsuite xmlns:xsi="http://www.w3.org/2001/XMLSchema-instance" xsi:noNamespaceSchemaLocation="https://maven.apache.org/surefire/maven-surefire-plugin/xsd/surefire-test-report-3.0.xsd" version="3.0" name="TestSuite" time="104.517" tests="7" errors="0" skipped="0" failures="3">
  <properties>
[...]
</properties>
  <testcase name="selectShoes" classname="testCases.SearchProduct" time="37.471">
    <system-err><![CDATA[SLF4J: Failed to load class "org.slf4j.impl.StaticLoggerBinder".
SLF4J: Defaulting to no-operation (NOP) logger implementation
SLF4J: See http://www.slf4j.org/codes.html#StaticLoggerBinder for further details.
SSttaratirntgi nCgh rComherDormieverD r1i1v2e.r 01.1526.01.55.6419 5.(4b9d 2a(7bbdc2ba878b1ccb1818e18cfe30c781710e983c82f93e4e33097186791049-3r8e2f9s3/4ber3a9n1c6h9-1h4e-ardesf/s5/6b1r5a@n{c#h9-3h6e}a)d s/o5n6 1p5o@r{t# 943868}5)2 o
nOn lpyo rlto c1a1l9 8co3
Onnlnye ctlioocnasl  acroen naelcltoiwoends. 
aPlreea sae lsleoew hetdt.ps:
//Pclheraosme esdereiv ehr.cthtropmsi:u/m/.cohrrgo/mseedcruirvietry.-cchornosmiiudemr.aotrigo/nsse fcourr istuyg-gceosntsiiodnesr aotni oknesep ifnogr  CshurgogmeestDiorinvs on keeeprin gs aCfher.om
eDriver safe.
ChCrohmerDromievDerri vweasr  swtaas rsttedar tesud cscueccsessfsuflullyl.y
.
[1685645005.212][WARNING]: This version of ChromeDriver has not been tested with Chrome version 113.
[1685645005.320][WARNING]: This version of ChromeDriver has not been tested with Chrome version 113.
Jun 02, 2023 12:13:25 AM org.openqa.selenium.devtools.CdpVersionFinder findNearestMatch
WARNING: Unable to find an exact match for CDP version 113, so returning the closest version found: 111
Jun 02, 2023 12:13:25 AM org.openqa.selenium.devtools.CdpVersionFinder findNearestMatch
WARNING: Unable to find an exact match for CDP version 113, so returning the closest version found: 111
]]></system-err>
  </testcase>
  <testcase name="loginNegativeTestCase" classname="testCases.LoginTest" time="10.758">
    <system-err><![CDATA[Starting ChromeDriver 112.0.5615.49 (bd2a7bcb881c11e8cfe3078709382934e3916914-refs/branch-heads/5615@{#936}) on port 15384
Only local connections are allowed.
Please see https://chromedriver.chromium.org/security-considerations for suggestions on keeping ChromeDriver safe.
ChromeDriver was started successfully.
[1685645041.453][WARNING]: This version of ChromeDriver has not been tested with Chrome version 113.
Jun 02, 2023 12:14:01 AM org.openqa.selenium.devtools.CdpVersionFinder findNearestMatch
WARNING: Unable to find an exact match for CDP version 113, so returning the closest version found: 111
]]></system-err>
  </testcase>
  <testcase name="CartProduct" classname="testCases.AddToCart" time="0.48">
    <failure message="null" type="java.lang.AssertionError"><![CDATA[java.lang.AssertionError: null
	at testCases.AddToCart.CartProduct(AddToCart.java:103)
]]></failure>
    <system-err><![CDATA[Starting ChromeDriver 112.0.5615.49 (bd2a7bcb881c11e8cfe3078709382934e3916914-refs/branch-heads/5615@{#936}) on port 24967
Only local connections are allowed.
Please see https://chromedriver.chromium.org/security-considerations for suggestions on keeping ChromeDriver safe.
ChromeDriver was started successfully.
]]></system-err>
  </testcase>
  <testcase name="MobileRatings" classname="testCases.CompareMobileRatings" time="25.699">
    <system-out><![CDATA[4.6
]]></system-out>
    <system-err><![CDATA[Starting ChromeDriver 112.0.5615.49 (bd2a7bcb881c11e8cfe3078709382934e3916914-refs/branch-heads/5615@{#936}) on port 37895
Only local connections are allowed.
Please see https://chromedriver.chromium.org/security-considerations for suggestions on keeping ChromeDriver safe.
ChromeDriver was started successfully.
[1685645052.249][WARNING]: This version of ChromeDriver has not been tested with Chrome version 113.
Jun 02, 2023 12:14:12 AM org.openqa.selenium.devtools.CdpVersionFinder findNearestMatch
WARNING: Unable to find an exact match for CDP version 113, so returning the closest version found: 111
[1685645053.322][WARNING]: This version of ChromeDriver has not been tested with Chrome version 113.
Jun 02, 2023 12:14:13 AM org.openqa.selenium.devtools.CdpVersionFinder findNearestMatch
WARNING: Unable to find an exact match for CDP version 113, so returning the closest version found: 111
]]></system-err>
  </testcase>
  <testcase name="placeOrder" classname="testCases.PlaceOrder" time="13.782">
    <failure message="null" type="java.lang.AssertionError"><![CDATA[java.lang.AssertionError: null
	at testCases.PlaceOrder.placeOrder(PlaceOrder.java:132)
]]></failure>
    <system-err><![CDATA[Starting ChromeDriver 112.0.5615.49 (bd2a7bcb881c11e8cfe3078709382934e3916914-refs/branch-heads/5615@{#936}) on port 36956
Only local connections are allowed.
Please see https://chromedriver.chromium.org/security-considerations for suggestions on keeping ChromeDriver safe.
ChromeDriver was started successfully.
[1685645078.898][WARNING]: This version of ChromeDriver has not been tested with Chrome version 113.
Jun 02, 2023 12:14:39 AM org.openqa.selenium.devtools.CdpVersionFinder findNearestMatch
WARNING: Unable to find an exact match for CDP version 113, so returning the closest version found: 111
]]></system-err>
  </testcase>
  <testcase name="deliveryDate" classname="testCases.CompareDeliveryDate" time="5.299">
    <failure message="null" type="java.lang.AssertionError"><![CDATA[java.lang.AssertionError: null
	at testCases.CompareDeliveryDate.deliveryDate(CompareDeliveryDate.java:85)
]]></failure>
    <system-err><![CDATA[Starting ChromeDriver 112.0.5615.49 (bd2a7bcb881c11e8cfe3078709382934e3916914-refs/branch-heads/5615@{#936}) on port 1833
Only local connections are allowed.
Please see https://chromedriver.chromium.org/security-considerations for suggestions on keeping ChromeDriver safe.
ChromeDriver was started successfully.
[1685645092.935][WARNING]: This version of ChromeDriver has not been tested with Chrome version 113.
Jun 02, 2023 12:14:53 AM org.openqa.selenium.devtools.CdpVersionFinder findNearestMatch
WARNING: Unable to find an exact match for CDP version 113, so returning the closest version found: 111
]]></system-err>
  </testcase>
  <testcase name="checkSocialSites" classname="testCases.Footer" time="14.576"/>
</testsuite>